<?xml version="1.0" encoding="UTF-8" standalone="no"?>
<testsuite errors="0" failures="0" name="io.cucumber.core.plugin.JUnitFormatter" skipped="0" tests="2" time="20.377">
    <testcase classname="Free CRM create contact" name="Create contact" time="10.586">
        <system-out><![CDATA[Given user is on login page.................................................passed
When title of login page is free crm........................................passed
Then user enters "freecrm990@yopmail.com"...................................passed
Then user types "1234@Abcd".................................................passed
Then user clicks on login button............................................passed
Then user is on home page...................................................passed
Then user clicked on contact button.........................................passed
Then user press create button...............................................passed
Then user add "Test" and "1"................................................passed
Then user click save button.................................................passed
]]></system-out>
    </testcase>
    <testcase classname="Free CRM create contact" name="Create contact 2" time="9.631">
        <system-out><![CDATA[Given user is on login page.................................................passed
When title of login page is free crm........................................passed
Then user enters "freecrm990@yopmail.com"...................................passed
Then user types "1234@Abcd".................................................passed
Then user clicks on login button............................................passed
Then user is on home page...................................................passed
Then user clicked on contact button.........................................passed
Then user press create button...............................................passed
Then user add "Test" and "".................................................passed
Then user click save button.................................................passed
]]></system-out>
    </testcase>
</testsuite>
