<?xml version="1.0" encoding="UTF-8" standalone="no"?>
<testsuite errors="0" failures="1" name="io.cucumber.core.plugin.JUnitFormatter" skipped="0" tests="1" time="7.498">
    <testcase classname="Free CRM create contact" name="Create contact" time="7.326">
        <failure message="Element &lt;a class=&quot;item&quot; href=&quot;/contacts&quot;&gt; could not be scrolled into view&#10;Build info: version: '3.141.59', revision: 'e82be7d358', time: '2018-11-14T08:17:03'&#10;System info: host: 'CPU-1260', ip: '192.168.1.69', os.name: 'Windows 10', os.arch: 'amd64', os.version: '10.0', java.version: '16.0.2'&#10;Driver info: org.openqa.selenium.firefox.FirefoxDriver&#10;Capabilities {acceptInsecureCerts: true, browserName: firefox, browserVersion: 100.0, javascriptEnabled: true, moz:accessibilityChecks: false, moz:buildID: 20220428192727, moz:geckodriverVersion: 0.31.0, moz:headless: false, moz:processID: 9712, moz:profile: C:\Users\teerthp\AppData\Lo..., moz:shutdownTimeout: 60000, moz:useNonSpecCompliantPointerOrigin: false, moz:webdriverClick: true, pageLoadStrategy: normal, platform: WINDOWS, platformName: WINDOWS, platformVersion: 10.0, proxy: Proxy(), setWindowRect: true, strictFileInteractability: false, timeouts: {implicit: 0, pageLoad: 300000, script: 30000}, unhandledPromptBehavior: dismiss and notify}&#10;Session ID: 1ae92135-6bfb-4d74-9820-75b9f2a50e0b" type="org.openqa.selenium.ElementNotInteractableException"><![CDATA[Given user is on login page.................................................passed
When title of login page is free crm........................................passed
Then user enters "freecrm990@yopmail.com"...................................passed
Then user types "1234@Abcd".................................................passed
Then user clicks on login button............................................passed
Then user is on home page...................................................passed
Then user clicked on contact button.........................................failed
Then user press create button...............................................skipped
Then user add "Test" and "1"................................................skipped
Then user click save button.................................................skipped

StackTrace:
org.openqa.selenium.ElementNotInteractableException: Element <a class="item" href="/contacts"> could not be scrolled into view
Build info: version: '3.141.59', revision: 'e82be7d358', time: '2018-11-14T08:17:03'
System info: host: 'CPU-1260', ip: '192.168.1.69', os.name: 'Windows 10', os.arch: 'amd64', os.version: '10.0', java.version: '16.0.2'
Driver info: org.openqa.selenium.firefox.FirefoxDriver
Capabilities {acceptInsecureCerts: true, browserName: firefox, browserVersion: 100.0, javascriptEnabled: true, moz:accessibilityChecks: false, moz:buildID: 20220428192727, moz:geckodriverVersion: 0.31.0, moz:headless: false, moz:processID: 9712, moz:profile: C:\Users\teerthp\AppData\Lo..., moz:shutdownTimeout: 60000, moz:useNonSpecCompliantPointerOrigin: false, moz:webdriverClick: true, pageLoadStrategy: normal, platform: WINDOWS, platformName: WINDOWS, platformVersion: 10.0, proxy: Proxy(), setWindowRect: true, strictFileInteractability: false, timeouts: {implicit: 0, pageLoad: 300000, script: 30000}, unhandledPromptBehavior: dismiss and notify}
Session ID: 1ae92135-6bfb-4d74-9820-75b9f2a50e0b
	at java.base/jdk.internal.reflect.NativeConstructorAccessorImpl.newInstance0(Native Method)
	at java.base/jdk.internal.reflect.NativeConstructorAccessorImpl.newInstance(NativeConstructorAccessorImpl.java:78)
	at java.base/jdk.internal.reflect.DelegatingConstructorAccessorImpl.newInstance(DelegatingConstructorAccessorImpl.java:45)
	at java.base/java.lang.reflect.Constructor.newInstanceWithCaller(Constructor.java:499)
	at java.base/java.lang.reflect.Constructor.newInstance(Constructor.java:480)
	at org.openqa.selenium.remote.http.W3CHttpResponseCodec.createException(W3CHttpResponseCodec.java:187)
	at org.openqa.selenium.remote.http.W3CHttpResponseCodec.decode(W3CHttpResponseCodec.java:122)
	at org.openqa.selenium.remote.http.W3CHttpResponseCodec.decode(W3CHttpResponseCodec.java:49)
	at org.openqa.selenium.remote.HttpCommandExecutor.execute(HttpCommandExecutor.java:158)
	at org.openqa.selenium.remote.service.DriverCommandExecutor.execute(DriverCommandExecutor.java:83)
	at org.openqa.selenium.remote.RemoteWebDriver.execute(RemoteWebDriver.java:552)
	at org.openqa.selenium.remote.RemoteWebElement.execute(RemoteWebElement.java:285)
	at org.openqa.selenium.remote.RemoteWebElement.click(RemoteWebElement.java:84)
	at stepDefination.LoginSteoDefination.user_clicked_on_contact_button(LoginSteoDefination.java:64)
	at ✽.user clicked on contact button.(file:///C:/Users/teerthp/eclipse-workspace/FreecrmBDDframework/src/main/java/Feature/addcontact.feature:10)
]]></failure>
    </testcase>
</testsuite>
